GL_LOG_FILE log. local time Tue Nov  7 10:35:28 2017

starting GLFW 3.2.1 X11 GLX EGL clock_gettime /dev/js Xf86vm shared
renderer: GeForce GTX 1060 with Max-Q Design/PCIe/SSE2
version: 4.5.0 NVIDIA 384.90
creating shader from plain.vert...
shader compiled. index 1
creating shader from plain.frag...
shader compiled. index 2
created programme 3. attaching shaders 1 and 2...
program 3 GL_VALIDATE_STATUS = GL_TRUE
creating shader from ss_quad.vert...
shader compiled. index 4
creating shader from ss_quad.frag...
shader compiled. index 5
created programme 6. attaching shaders 4 and 5...
program 6 GL_VALIDATE_STATUS = GL_TRUE
creating shader from depth.vert...
shader compiled. index 7
creating shader from depth.frag...
shader compiled. index 8
created programme 9. attaching shaders 7 and 8...
program 9 GL_VALIDATE_STATUS = GL_TRUE
